-------------------------------------------------------------------------------
Test set: com.mycompany.chatapppart1.LoginTest
-------------------------------------------------------------------------------
Tests run: 13, Failures: 2, Errors: 1, Skipped: 0, Time elapsed: 0.176 s <<< FAILURE! -- in com.mycompany.chatapppart1.LoginTest
com.mycompany.chatapppart1.LoginTest.testLoginSuccess -- Time elapsed: 0.015 s <<< ERROR!
java.lang.NullPointerException: Cannot invoke "String.startsWith(String)" because "phone" is null
	at com.mycompany.chatapp.Login.checkCellphoneNumber(Login.java:51)
	at com.mycompany.chatapp.Login.registerUser(Login.java:66)
	at com.mycompany.chatapppart1.LoginTest.testLoginSuccess(LoginTest.java:98)
	at java.base/java.lang.reflect.Method.invoke(Method.java:565)
	at java.base/java.util.ArrayList.forEach(ArrayList.java:1604)
	at java.base/java.util.ArrayList.forEach(ArrayList.java:1604)

com.mycompany.chatapppart1.LoginTest.testInvalidPassword_NoUnderscore -- Time elapsed: 0.008 s <<< FAILURE!
org.opentest4j.AssertionFailedError: expected: <false> but was: <true>
	at org.junit.jupiter.api.AssertionFailureBuilder.build(AssertionFailureBuilder.java:151)
	at org.junit.jupiter.api.AssertionFailureBuilder.buildAndThrow(AssertionFailureBuilder.java:132)
	at org.junit.jupiter.api.AssertFalse.failNotFalse(AssertFalse.java:63)
	at org.junit.jupiter.api.AssertFalse.assertFalse(AssertFalse.java:36)
	at org.junit.jupiter.api.AssertFalse.assertFalse(AssertFalse.java:31)
	at org.junit.jupiter.api.Assertions.assertFalse(Assertions.java:231)
	at com.mycompany.chatapppart1.LoginTest.testInvalidPassword_NoUnderscore(LoginTest.java:50)
	at java.base/java.lang.reflect.Method.invoke(Method.java:565)
	at java.base/java.util.ArrayList.forEach(ArrayList.java:1604)
	at java.base/java.util.ArrayList.forEach(ArrayList.java:1604)

com.mycompany.chatapppart1.LoginTest.testValidPhoneNumber -- Time elapsed: 0.005 s <<< FAILURE!
org.opentest4j.AssertionFailedError: expected: <true> but was: <false>
	at org.junit.jupiter.api.AssertionFailureBuilder.build(AssertionFailureBuilder.java:151)
	at org.junit.jupiter.api.AssertionFailureBuilder.buildAndThrow(AssertionFailureBuilder.java:132)
	at org.junit.jupiter.api.AssertTrue.failNotTrue(AssertTrue.java:63)
	at org.junit.jupiter.api.AssertTrue.assertTrue(AssertTrue.java:36)
	at org.junit.jupiter.api.AssertTrue.assertTrue(AssertTrue.java:31)
	at org.junit.jupiter.api.Assertions.assertTrue(Assertions.java:183)
	at com.mycompany.chatapppart1.LoginTest.testValidPhoneNumber(LoginTest.java:86)
	at java.base/java.lang.reflect.Method.invoke(Method.java:565)
	at java.base/java.util.ArrayList.forEach(ArrayList.java:1604)
	at java.base/java.util.ArrayList.forEach(ArrayList.java:1604)

