<?xml version="1.0" encoding="UTF-8"?>
<testsuite xmlns:xsi="http://www.w3.org/2001/XMLSchema-instance" xsi:noNamespaceSchemaLocation="https://maven.apache.org/surefire/maven-surefire-plugin/xsd/surefire-test-report-3.0.xsd" version="3.0" name="com.mycompany.chatapppart1.LoginTest" time="0.176" tests="13" errors="1" skipped="0" failures="2">
  <properties>
[...]
</properties>
  <testcase name="testValidPassword" classname="com.mycompany.chatapppart1.LoginTest" time="0.055"/>
  <testcase name="testLoginSuccess" classname="com.mycompany.chatapppart1.LoginTest" time="0.015">
    <error message="Cannot invoke &quot;String.startsWith(String)&quot; because &quot;phone&quot; is null" type="java.lang.NullPointerException"><![CDATA[java.lang.NullPointerException: Cannot invoke "String.startsWith(String)" because "phone" is null
	at com.mycompany.chatapp.Login.checkCellphoneNumber(Login.java:51)
	at com.mycompany.chatapp.Login.registerUser(Login.java:66)
	at com.mycompany.chatapppart1.LoginTest.testLoginSuccess(LoginTest.java:98)
	at java.base/java.lang.reflect.Method.invoke(Method.java:565)
	at java.base/java.util.ArrayList.forEach(ArrayList.java:1604)
	at java.base/java.util.ArrayList.forEach(ArrayList.java:1604)
]]></error>
  </testcase>
  <testcase name="testInvalidPhoneNumber_MissingPlus27" classname="com.mycompany.chatapppart1.LoginTest" time="0.004"/>
  <testcase name="testLoginFail" classname="com.mycompany.chatapppart1.LoginTest" time="0.002"/>
  <testcase name="testInvalidPassword_NoUnderscore" classname="com.mycompany.chatapppart1.LoginTest" time="0.008">
    <failure message="expected: &lt;false&gt; but was: &lt;true&gt;" type="org.opentest4j.AssertionFailedError"><![CDATA[org.opentest4j.AssertionFailedError: expected: <false> but was: <true>
	at org.junit.jupiter.api.AssertionFailureBuilder.build(AssertionFailureBuilder.java:151)
	at org.junit.jupiter.api.AssertionFailureBuilder.buildAndThrow(AssertionFailureBuilder.java:132)
	at org.junit.jupiter.api.AssertFalse.failNotFalse(AssertFalse.java:63)
	at org.junit.jupiter.api.AssertFalse.assertFalse(AssertFalse.java:36)
	at org.junit.jupiter.api.AssertFalse.assertFalse(AssertFalse.java:31)
	at org.junit.jupiter.api.Assertions.assertFalse(Assertions.java:231)
	at com.mycompany.chatapppart1.LoginTest.testInvalidPassword_NoUnderscore(LoginTest.java:50)
	at java.base/java.lang.reflect.Method.invoke(Method.java:565)
	at java.base/java.util.ArrayList.forEach(ArrayList.java:1604)
	at java.base/java.util.ArrayList.forEach(ArrayList.java:1604)
]]></failure>
  </testcase>
  <testcase name="testValidPhoneNumber" classname="com.mycompany.chatapppart1.LoginTest" time="0.005">
    <failure message="expected: &lt;true&gt; but was: &lt;false&gt;" type="org.opentest4j.AssertionFailedError"><![CDATA[org.opentest4j.AssertionFailedError: expected: <true> but was: <false>
	at org.junit.jupiter.api.AssertionFailureBuilder.build(AssertionFailureBuilder.java:151)
	at org.junit.jupiter.api.AssertionFailureBuilder.buildAndThrow(AssertionFailureBuilder.java:132)
	at org.junit.jupiter.api.AssertTrue.failNotTrue(AssertTrue.java:63)
	at org.junit.jupiter.api.AssertTrue.assertTrue(AssertTrue.java:36)
	at org.junit.jupiter.api.AssertTrue.assertTrue(AssertTrue.java:31)
	at org.junit.jupiter.api.Assertions.assertTrue(Assertions.java:183)
	at com.mycompany.chatapppart1.LoginTest.testValidPhoneNumber(LoginTest.java:86)
	at java.base/java.lang.reflect.Method.invoke(Method.java:565)
	at java.base/java.util.ArrayList.forEach(ArrayList.java:1604)
	at java.base/java.util.ArrayList.forEach(ArrayList.java:1604)
]]></failure>
  </testcase>
  <testcase name="testInvalidPassword_TooShort" classname="com.mycompany.chatapppart1.LoginTest" time="0.001"/>
  <testcase name="testInvalidPassword_NoSpecialChar" classname="com.mycompany.chatapppart1.LoginTest" time="0.002"/>
  <testcase name="testValidUsername" classname="com.mycompany.chatapppart1.LoginTest" time="0.001"/>
  <testcase name="testInvalidUsername_TooLong" classname="com.mycompany.chatapppart1.LoginTest" time="0.002"/>
  <testcase name="testInvalidPassword_NoCapital" classname="com.mycompany.chatapppart1.LoginTest" time="0.002"/>
  <testcase name="testInvalidUsername_NoUnderscore" classname="com.mycompany.chatapppart1.LoginTest" time="0.001"/>
  <testcase name="testInvalidPassword_NoNumber" classname="com.mycompany.chatapppart1.LoginTest" time="0.002"/>
</testsuite>